app/build/intermediates/manifest_merge_blame_file/debug/manifest-merger-blame-debug-report.txt
1<?xml version="1.0" encoding="utf-8"?>
2<manifest xmlns:android="http://schemas.android.com/apk/res/android"
3    package="com.example.mp3player"
4    android:launchMode="singleInstance"
5    android:versionCode="1"
6    android:versionName="1.0" >
7
8    <uses-sdk
8-->src/main/AndroidManifest.xml:10:5-11:41
9        android:minSdkVersion="8"
9-->src/main/AndroidManifest.xml:10:5-11:41
10        android:targetSdkVersion="17" />
10-->src/main/AndroidManifest.xml:11:9-38
11
12    <uses-permission android:name="android.permission.READ_PHONE_STATE" />
12-->src/main/AndroidManifest.xml:7:5-74
12-->src/main/AndroidManifest.xml:7:22-72
13    <uses-permission android:name="android.permission.WRITE_EXTERNAL_STORAGE" />
13-->src/main/AndroidManifest.xml:8:5-81
13-->src/main/AndroidManifest.xml:8:22-78
14
15    <application
15-->src/main/AndroidManifest.xml:13:5-41:19
16        android:allowBackup="true"
16-->src/main/AndroidManifest.xml:14:9-35
17        android:debuggable="true"
18        android:icon="@drawable/icon_a"
18-->src/main/AndroidManifest.xml:15:9-40
19        android:label="@string/appname"
19-->src/main/AndroidManifest.xml:16:9-40
20        android:testOnly="true"
21        android:theme="@style/AppTheme" >
21-->src/main/AndroidManifest.xml:17:9-40
22        <activity
22-->src/main/AndroidManifest.xml:18:9-22:20
23            android:name="com.example.mp3player.MainActivity"
23-->src/main/AndroidManifest.xml:19:13-62
24            android:label="@string/appname" >
24-->src/main/AndroidManifest.xml:20:13-44
25        </activity>
26        <activity
26-->src/main/AndroidManifest.xml:23:9-31:20
27            android:name="com.example.mp3player.PlayActivity"
27-->src/main/AndroidManifest.xml:24:13-62
28            android:label="@string/title_activity_play" >
28-->src/main/AndroidManifest.xml:25:13-56
29            <intent-filter>
29-->src/main/AndroidManifest.xml:26:13-30:29
30                <action android:name="com.example.mp3player.PLAYACTIVITY" />
30-->src/main/AndroidManifest.xml:27:17-77
30-->src/main/AndroidManifest.xml:27:25-74
31
32                <category android:name="android.intent.category.DEFAULT" />
32-->src/main/AndroidManifest.xml:29:17-76
32-->src/main/AndroidManifest.xml:29:27-73
33            </intent-filter>
34        </activity>
35        <activity
35-->src/main/AndroidManifest.xml:32:9-40:20
36            android:name="com.example.mp3player.GoMad"
36-->src/main/AndroidManifest.xml:33:13-55
37            android:label="@string/appname" >
37-->src/main/AndroidManifest.xml:34:13-44
38            <intent-filter>
38-->src/main/AndroidManifest.xml:35:13-39:29
39                <action android:name="android.intent.action.MAIN" />
39-->src/main/AndroidManifest.xml:36:17-69
39-->src/main/AndroidManifest.xml:36:25-66
40
41                <category android:name="android.intent.category.LAUNCHER" />
41-->src/main/AndroidManifest.xml:38:17-77
41-->src/main/AndroidManifest.xml:38:27-74
42            </intent-filter>
43        </activity>
44    </application>
45
46</manifest>